

Version:	3.12
CmdLine:	E:\Code\Java Practice\University\Calculator Assigenment\myCalculator\Release\My Calculator.exe --l4j-debug
WOW64:		yes
Working dir:	E:\Code\Java Practice\University\Calculator Assigenment\myCalculator\Release\.
Java min ver:	1.008.000
Java max ver:	
64-bit search:	SOFTWARE\JavaSoft\Java Runtime Environment...
Check:		SOFTWARE\JavaSoft\Java Runtime Environment\1.8
Check launcher:	C:\Program Files\Java\jre1.8.0_271\bin\javaw.exe (OK)
Match:		1.008.000
Check:		SOFTWARE\JavaSoft\Java Runtime Environment\1.8.0_271
Check launcher:	C:\Program Files\Java\jre1.8.0_271\bin\javaw.exe (OK)
Match:		1.008.000_271
64-bit search:	SOFTWARE\JavaSoft\Java Development Kit...
64-bit search:	SOFTWARE\JavaSoft\JRE...
64-bit search:	SOFTWARE\JavaSoft\JDK...
Runtime used:	1.008.000_271 (64-bit)
Launcher:	C:\Program Files\Java\jre1.8.0_271\bin\javaw.exe
Launcher args:	-jar "E:\Code\Java Practice\University\Calculator Assigenment\myCalculator\Release\My Calculator.exe"
Args length:	101/32768 chars
Exit code:	1


Version:	3.12
CmdLine:	E:\Code\Java Practice\University\Calculator Assigenment\myCalculator\Release\My Calculator.exe --l4j-debug
WOW64:		yes
Working dir:	E:\Code\Java Practice\University\Calculator Assigenment\myCalculator\Release\.
Java min ver:	1.008.000
Java max ver:	
64-bit search:	SOFTWARE\JavaSoft\Java Runtime Environment...
Check:		SOFTWARE\JavaSoft\Java Runtime Environment\1.8
Check launcher:	C:\Program Files\Java\jre1.8.0_271\bin\javaw.exe (OK)
Match:		1.008.000
Check:		SOFTWARE\JavaSoft\Java Runtime Environment\1.8.0_271
Check launcher:	C:\Program Files\Java\jre1.8.0_271\bin\javaw.exe (OK)
Match:		1.008.000_271
64-bit search:	SOFTWARE\JavaSoft\Java Development Kit...
64-bit search:	SOFTWARE\JavaSoft\JRE...
64-bit search:	SOFTWARE\JavaSoft\JDK...
Runtime used:	1.008.000_271 (64-bit)
Launcher:	C:\Program Files\Java\jre1.8.0_271\bin\javaw.exe
Launcher args:	-jar "E:\Code\Java Practice\University\Calculator Assigenment\myCalculator\Release\My Calculator.exe"
Args length:	101/32768 chars
Exit code:	1


Version:	3.12
CmdLine:	E:\Code\Java Practice\University\Calculator Assigenment\myCalculator\Release\My Calculator.exe --l4j-debug
WOW64:		yes
Working dir:	E:\Code\Java Practice\University\Calculator Assigenment\myCalculator\Release\.
Java min ver:	1.008.000
Java max ver:	
64-bit search:	SOFTWARE\JavaSoft\Java Runtime Environment...
Check:		SOFTWARE\JavaSoft\Java Runtime Environment\1.8
Check launcher:	C:\Program Files\Java\jre1.8.0_271\bin\javaw.exe (OK)
Match:		1.008.000
Check:		SOFTWARE\JavaSoft\Java Runtime Environment\1.8.0_271
Check launcher:	C:\Program Files\Java\jre1.8.0_271\bin\javaw.exe (OK)
Match:		1.008.000_271
64-bit search:	SOFTWARE\JavaSoft\Java Development Kit...
64-bit search:	SOFTWARE\JavaSoft\JRE...
64-bit search:	SOFTWARE\JavaSoft\JDK...
Runtime used:	1.008.000_271 (64-bit)
Launcher:	C:\Program Files\Java\jre1.8.0_271\bin\javaw.exe
Launcher args:	-jar "E:\Code\Java Practice\University\Calculator Assigenment\myCalculator\Release\My Calculator.exe"
Args length:	101/32768 chars
Exit code:	1


Version:	3.12
CmdLine:	E:\Code\Java Practice\University\Calculator Assigenment\myCalculator\Release\My Calculator.exe --l4j-debug
WOW64:		yes
Working dir:	E:\Code\Java Practice\University\Calculator Assigenment\myCalculator\Release\.
Java min ver:	1.008.000
Java max ver:	
64-bit search:	SOFTWARE\JavaSoft\Java Runtime Environment...
Check:		SOFTWARE\JavaSoft\Java Runtime Environment\1.8
Check launcher:	C:\Program Files\Java\jre1.8.0_271\bin\javaw.exe (OK)
Match:		1.008.000
Check:		SOFTWARE\JavaSoft\Java Runtime Environment\1.8.0_271
Check launcher:	C:\Program Files\Java\jre1.8.0_271\bin\javaw.exe (OK)
Match:		1.008.000_271
64-bit search:	SOFTWARE\JavaSoft\Java Development Kit...
64-bit search:	SOFTWARE\JavaSoft\JRE...
64-bit search:	SOFTWARE\JavaSoft\JDK...
Runtime used:	1.008.000_271 (64-bit)
Launcher:	C:\Program Files\Java\jre1.8.0_271\bin\javaw.exe
Launcher args:	-jar "E:\Code\Java Practice\University\Calculator Assigenment\myCalculator\Release\My Calculator.exe"
Args length:	101/32768 chars
Exit code:	1


Version:	3.12
CmdLine:	E:\Code\Java Practice\University\Calculator Assigenment\myCalculator\Release\My Calculator.exe --l4j-debug
WOW64:		yes
Working dir:	E:\Code\Java Practice\University\Calculator Assigenment\myCalculator\Release\.
Java min ver:	1.008.000
Java max ver:	
64-bit search:	SOFTWARE\JavaSoft\Java Runtime Environment...
Check:		SOFTWARE\JavaSoft\Java Runtime Environment\1.8
Check launcher:	C:\Program Files\Java\jre1.8.0_271\bin\javaw.exe (OK)
Match:		1.008.000
Check:		SOFTWARE\JavaSoft\Java Runtime Environment\1.8.0_271
Check launcher:	C:\Program Files\Java\jre1.8.0_271\bin\javaw.exe (OK)
Match:		1.008.000_271
64-bit search:	SOFTWARE\JavaSoft\Java Development Kit...
64-bit search:	SOFTWARE\JavaSoft\JRE...
64-bit search:	SOFTWARE\JavaSoft\JDK...
Runtime used:	1.008.000_271 (64-bit)
Launcher:	C:\Program Files\Java\jre1.8.0_271\bin\javaw.exe
Launcher args:	-jar "E:\Code\Java Practice\University\Calculator Assigenment\myCalculator\Release\My Calculator.exe"
Args length:	101/32768 chars
Exit code:	1
